yarn run v1.22.19
$ storybook build --output-dir C:\Users\KUDZAI~1.MAZ\AppData\Local\Temp\chromatic--16408-Rnlkg8ULJREx
@storybook/cli v7.0.6

info => Cleaning outputDir: C:\Users\KUDZAI~1.MAZ\AppData\Local\Temp\chromatic--16408-Rnlkg8ULJREx
info => Loading presets
info => Building manager..
info => Manager built (146 ms)
info => Copying static files: C:\Users\Kudzai.Maziriri\taskbox\node_modules\@storybook\manager\static at C:\Users\KUDZAI~1.MAZ\AppData\Local\Temp\chromatic--16408-Rnlkg8ULJREx\sb-common-assets
[36mvite v4.4.9 [32mbuilding for production...[36m[39m
info => Copying static files: C:\Users\Kudzai.Maziriri\taskbox\public at C:\Users\KUDZAI~1.MAZ\AppData\Local\Temp\chromatic--16408-Rnlkg8ULJREx\

./sb-common-assets/fonts.css doesn't exist at build time, it will remain unchanged to be resolved at runtime
transforming...
node_modules/telejson/dist/index.mjs (1413:15) Use of eval in "node_modules/telejson/dist/index.mjs" is strongly discouraged as it poses security risks and may cause issues with minification.
node_modules/telejson/dist/index.mjs (1416:18) Use of eval in "node_modules/telejson/dist/index.mjs" is strongly discouraged as it poses security risks and may cause issues with minification.
[32m✓[39m 1669 modules transformed.
rendering chunks...
[33mwarnings when minifying css:
▲ [WARNING] Unexpected "vertical-align" [css-syntax-error]

    <stdin>:36:3:
      36 │   *vertical-align: middle;
         ╵    ~~~~~~~~~~~~~~


▲ [WARNING] Unexpected "overflow" [css-syntax-error]

    <stdin>:38:3:
      38 │   *overflow: visible;
         ╵    ~~~~~~~~

[39m
computing gzip size...
[2m../../KUDZAI~1.MAZ/AppData/Local/Temp/chromatic--16408-Rnlkg8ULJREx/[22m[32miframe.html                                         [39m[1m[2m 12.60 kB[22m[1m[22m[2m │ gzip:   3.57 kB[22m
[2m../../KUDZAI~1.MAZ/AppData/Local/Temp/chromatic--16408-Rnlkg8ULJREx/[22m[32massets/percolate-dac75269.ttf                       [39m[1m[2m 34.04 kB[22m[1m[22m
[2m../../KUDZAI~1.MAZ/AppData/Local/Temp/chromatic--16408-Rnlkg8ULJREx/[22m[32massets/percolate-ec979d96.woff                      [39m[1m[2m 34.11 kB[22m[1m[22m
[2m../../KUDZAI~1.MAZ/AppData/Local/Temp/chromatic--16408-Rnlkg8ULJREx/[22m[32massets/percolate-5ed633c2.eot                       [39m[1m[2m 34.21 kB[22m[1m[22m
[2m../../KUDZAI~1.MAZ/AppData/Local/Temp/chromatic--16408-Rnlkg8ULJREx/[22m[32massets/percolate-d13fa91b.svg                       [39m[1m[2m140.51 kB[22m[1m[22m[2m │ gzip:  47.50 kB[22m
[2m../../KUDZAI~1.MAZ/AppData/Local/Temp/chromatic--16408-Rnlkg8ULJREx/[22m[35massets/preview-4c64bd25.css                         [39m[1m[2m  6.88 kB[22m[1m[22m[2m │ gzip:   2.07 kB[22m
[2m../../KUDZAI~1.MAZ/AppData/Local/Temp/chromatic--16408-Rnlkg8ULJREx/[22m[36massets/index-d475d2ea.js                            [39m[1m[2m  0.21 kB[22m[1m[22m[2m │ gzip:   0.17 kB[22m[2m │ map:     0.81 kB[22m
[2m../../KUDZAI~1.MAZ/AppData/Local/Temp/chromatic--16408-Rnlkg8ULJREx/[22m[36massets/_commonjs-dynamic-modules-302442b1.js        [39m[1m[2m  0.30 kB[22m[1m[22m[2m │ gzip:   0.24 kB[22m[2m │ map:     0.12 kB[22m
[2m../../KUDZAI~1.MAZ/AppData/Local/Temp/chromatic--16408-Rnlkg8ULJREx/[22m[36massets/WithTooltip-FBT32F6Q-33cc5255.js             [39m[1m[2m  0.55 kB[22m[1m[22m[2m │ gzip:   0.32 kB[22m[2m │ map:     0.11 kB[22m
[2m../../KUDZAI~1.MAZ/AppData/Local/Temp/chromatic--16408-Rnlkg8ULJREx/[22m[36massets/syntaxhighlighter-QTQ2UBB4-bac30f31.js       [39m[1m[2m  0.57 kB[22m[1m[22m[2m │ gzip:   0.35 kB[22m[2m │ map:     0.12 kB[22m
[2m../../KUDZAI~1.MAZ/AppData/Local/Temp/chromatic--16408-Rnlkg8ULJREx/[22m[36massets/index-3fd0d1ea.js                            [39m[1m[2m  0.62 kB[22m[1m[22m[2m │ gzip:   0.38 kB[22m[2m │ map:     4.26 kB[22m
[2m../../KUDZAI~1.MAZ/AppData/Local/Temp/chromatic--16408-Rnlkg8ULJREx/[22m[36massets/preview-0435c720.js                          [39m[1m[2m  0.69 kB[22m[1m[22m[2m │ gzip:   0.49 kB[22m[2m │ map:     3.76 kB[22m
[2m../../KUDZAI~1.MAZ/AppData/Local/Temp/chromatic--16408-Rnlkg8ULJREx/[22m[36massets/_commonjsHelpers-de833af9.js                 [39m[1m[2m  0.75 kB[22m[1m[22m[2m │ gzip:   0.43 kB[22m[2m │ map:     0.11 kB[22m
[2m../../KUDZAI~1.MAZ/AppData/Local/Temp/chromatic--16408-Rnlkg8ULJREx/[22m[36massets/index-356e4a49.js                            [39m[1m[2m  0.81 kB[22m[1m[22m[2m │ gzip:   0.51 kB[22m[2m │ map:     3.25 kB[22m
[2m../../KUDZAI~1.MAZ/AppData/Local/Temp/chromatic--16408-Rnlkg8ULJREx/[22m[36massets/preview-5c71c0eb.js                          [39m[1m[2m  0.83 kB[22m[1m[22m[2m │ gzip:   0.49 kB[22m[2m │ map:     1.24 kB[22m
[2m../../KUDZAI~1.MAZ/AppData/Local/Temp/chromatic--16408-Rnlkg8ULJREx/[22m[36massets/index-8d47fad6.js                            [39m[1m[2m  0.84 kB[22m[1m[22m[2m │ gzip:   0.55 kB[22m[2m │ map:     4.05 kB[22m
[2m../../KUDZAI~1.MAZ/AppData/Local/Temp/chromatic--16408-Rnlkg8ULJREx/[22m[36massets/preview-b1164a2e.js                          [39m[1m[2m  0.88 kB[22m[1m[22m[2m │ gzip:   0.58 kB[22m[2m │ map:     2.81 kB[22m
[2m../../KUDZAI~1.MAZ/AppData/Local/Temp/chromatic--16408-Rnlkg8ULJREx/[22m[36massets/preview-71d8656b.js                          [39m[1m[2m  1.06 kB[22m[1m[22m[2m │ gzip:   0.69 kB[22m[2m │ map:     3.23 kB[22m
[2m../../KUDZAI~1.MAZ/AppData/Local/Temp/chromatic--16408-Rnlkg8ULJREx/[22m[36massets/preview-a724f2c9.js                          [39m[1m[2m  2.40 kB[22m[1m[22m[2m │ gzip:   1.27 kB[22m[2m │ map:    10.22 kB[22m
[2m../../KUDZAI~1.MAZ/AppData/Local/Temp/chromatic--16408-Rnlkg8ULJREx/[22m[36massets/index-d37d4223.js                            [39m[1m[2m  2.63 kB[22m[1m[22m[2m │ gzip:   1.30 kB[22m[2m │ map:     7.46 kB[22m
[2m../../KUDZAI~1.MAZ/AppData/Local/Temp/chromatic--16408-Rnlkg8ULJREx/[22m[36massets/preview-f96f0111.js                          [39m[1m[2m  3.29 kB[22m[1m[22m[2m │ gzip:   1.41 kB[22m[2m │ map:    10.25 kB[22m
[2m../../KUDZAI~1.MAZ/AppData/Local/Temp/chromatic--16408-Rnlkg8ULJREx/[22m[36massets/Task.stories-30f019f2.js                     [39m[1m[2m  3.71 kB[22m[1m[22m[2m │ gzip:   1.58 kB[22m[2m │ map:     5.56 kB[22m
[2m../../KUDZAI~1.MAZ/AppData/Local/Temp/chromatic--16408-Rnlkg8ULJREx/[22m[36massets/preview-3400f062.js                          [39m[1m[2m  3.78 kB[22m[1m[22m[2m │ gzip:   1.80 kB[22m[2m │ map:    14.43 kB[22m
[2m../../KUDZAI~1.MAZ/AppData/Local/Temp/chromatic--16408-Rnlkg8ULJREx/[22m[36massets/iframe-693e550b.js                           [39m[1m[2m  5.05 kB[22m[1m[22m[2m │ gzip:   1.79 kB[22m[2m │ map:     5.84 kB[22m
[2m../../KUDZAI~1.MAZ/AppData/Local/Temp/chromatic--16408-Rnlkg8ULJREx/[22m[36massets/index-76fb7be0.js                            [39m[1m[2m  7.21 kB[22m[1m[22m[2m │ gzip:   2.95 kB[22m[2m │ map:    15.68 kB[22m
[2m../../KUDZAI~1.MAZ/AppData/Local/Temp/chromatic--16408-Rnlkg8ULJREx/[22m[36massets/preview-62235626.js                          [39m[1m[2m  7.69 kB[22m[1m[22m[2m │ gzip:   1.60 kB[22m[2m │ map:    14.17 kB[22m
[2m../../KUDZAI~1.MAZ/AppData/Local/Temp/chromatic--16408-Rnlkg8ULJREx/[22m[36massets/preview-e6f1f377.js                          [39m[1m[2m  7.97 kB[22m[1m[22m[2m │ gzip:   3.03 kB[22m[2m │ map:    28.20 kB[22m
[2m../../KUDZAI~1.MAZ/AppData/Local/Temp/chromatic--16408-Rnlkg8ULJREx/[22m[36massets/index-078d3f98.js                            [39m[1m[2m 10.06 kB[22m[1m[22m[2m │ gzip:   3.66 kB[22m[2m │ map:    26.51 kB[22m
[2m../../KUDZAI~1.MAZ/AppData/Local/Temp/chromatic--16408-Rnlkg8ULJREx/[22m[36massets/GlobalScrollAreaStyles-XIHNDKUY-5613cd3e.js  [39m[1m[2m 10.53 kB[22m[1m[22m[2m │ gzip:   2.40 kB[22m[2m │ map:    15.70 kB[22m
[2m../../KUDZAI~1.MAZ/AppData/Local/Temp/chromatic--16408-Rnlkg8ULJREx/[22m[36massets/preview-105f0246.js                          [39m[1m[2m 11.13 kB[22m[1m[22m[2m │ gzip:   3.76 kB[22m[2m │ map:    41.77 kB[22m
[2m../../KUDZAI~1.MAZ/AppData/Local/Temp/chromatic--16408-Rnlkg8ULJREx/[22m[36massets/Color-3YIJY6X7-5e8d6f35.js                   [39m[1m[2m 31.16 kB[22m[1m[22m[2m │ gzip:  11.71 kB[22m[2m │ map:   112.52 kB[22m
[2m../../KUDZAI~1.MAZ/AppData/Local/Temp/chromatic--16408-Rnlkg8ULJREx/[22m[36massets/TaskList.stories-4e1831f9.js                 [39m[1m[2m 40.31 kB[22m[1m[22m[2m │ gzip:  13.92 kB[22m[2m │ map:   235.40 kB[22m
[2m../../KUDZAI~1.MAZ/AppData/Local/Temp/chromatic--16408-Rnlkg8ULJREx/[22m[36massets/OverlayScrollbars-VAV6LJAB-cc6bbc29.js       [39m[1m[2m 59.11 kB[22m[1m[22m[2m │ gzip:  25.35 kB[22m[2m │ map:   277.57 kB[22m
[2m../../KUDZAI~1.MAZ/AppData/Local/Temp/chromatic--16408-Rnlkg8ULJREx/[22m[36massets/_getPrototype-3b15d75a.js                    [39m[1m[2m 78.79 kB[22m[1m[22m[2m │ gzip:  23.66 kB[22m[2m │ map:   323.95 kB[22m
[2m../../KUDZAI~1.MAZ/AppData/Local/Temp/chromatic--16408-Rnlkg8ULJREx/[22m[36massets/index-d3ea75b5.js                            [39m[1m[2m134.11 kB[22m[1m[22m[2m │ gzip:  43.23 kB[22m[2m │ map:   328.79 kB[22m
[2m../../KUDZAI~1.MAZ/AppData/Local/Temp/chromatic--16408-Rnlkg8ULJREx/[22m[36massets/config-eb16c04e.js                           [39m[1m[2m213.56 kB[22m[1m[22m[2m │ gzip:  66.37 kB[22m[2m │ map:   803.64 kB[22m
[2m../../KUDZAI~1.MAZ/AppData/Local/Temp/chromatic--16408-Rnlkg8ULJREx/[22m[36massets/InboxScreen.stories-8fa23b99.js              [39m[1m[2m258.12 kB[22m[1m[22m[2m │ gzip:  60.65 kB[22m[2m │ map:   918.46 kB[22m
[2m../../KUDZAI~1.MAZ/AppData/Local/Temp/chromatic--16408-Rnlkg8ULJREx/[22m[36massets/index-1f312719.js                            [39m[1m[2m337.07 kB[22m[1m[22m[2m │ gzip:  98.84 kB[22m[2m │ map: 1,433.53 kB[22m
[2m../../KUDZAI~1.MAZ/AppData/Local/Temp/chromatic--16408-Rnlkg8ULJREx/[22m[36massets/DocsRenderer-7FRJXR4N-9682ab98.js            [39m[1m[33m505.12 kB[39m[22m[2m │ gzip: 166.25 kB[22m[2m │ map: 1,451.57 kB[22m
[2m../../KUDZAI~1.MAZ/AppData/Local/Temp/chromatic--16408-Rnlkg8ULJREx/[22m[36massets/axe-594ab22d.js                              [39m[1m[33m545.74 kB[39m[22m[2m │ gzip: 148.72 kB[22m[2m │ map: 1,946.39 kB[22m
[2m../../KUDZAI~1.MAZ/AppData/Local/Temp/chromatic--16408-Rnlkg8ULJREx/[22m[36massets/formatter-S4K5WUZV-e9d917ab.js               [39m[1m[33m601.75 kB[39m[22m[2m │ gzip: 185.09 kB[22m[2m │ map: 1,320.26 kB[22m
[33m
(!) Some chunks are larger than 500 kBs after minification. Consider:
- Using dynamic import() to code-split the application
- Use build.rollupOptions.output.manualChunks to improve chunking: https://rollupjs.org/configuration-options/#output-manualchunks
- Adjust chunk size limit for this warning via build.chunkSizeWarningLimit.[39m
[32m✓ built in 14.48s[39m
info => Output directory: C:\Users\KUDZAI~1.MAZ\AppData\Local\Temp\chromatic--16408-Rnlkg8ULJREx
Done in 20.32s.
